<?xml version="1.0" encoding="UTF-8"?>
<!-- Generated by org.testng.reporters.JUnitReportReporter -->
<testsuite hostname="Ezhils-Air.domain.name" failures="0" tests="1" name="Suite1.LoginLogoutTestCase" time="13.014" errors="0" timestamp="2024-09-22T22:36:46 IST" skipped="0">
  <testcase classname="Suite1.LoginLogoutTestCase" name="LoginPageSuccess" time="13.014"/>
</testsuite> <!-- Suite1.LoginLogoutTestCase -->
